

> storefront@0.1.0 build /Users/rivipromac1/Documents/ANTIGRAVITY/AZHON/apps/storefront
> next build

⚠ Warning: Next.js inferred your workspace root, but it may not be correct.
 We detected multiple lockfiles and selected the directory of /Users/rivipromac1/package-lock.json as the root directory.
 To silence this warning, set `turbopack.root` in your Next.js config, or consider removing one of the lockfiles if it's not needed.
   See https://nextjs.org/docs/app/api-reference/config/next-config-js/turbopack#root-directory for more information.
 Detected additional lockfiles: 
   * /Users/rivipromac1/Documents/ANTIGRAVITY/AZHON/pnpm-workspace.yaml

▲ Next.js 16.2.4 (Turbopack)
- Environments: .env.local

⚠ The "middleware" file convention is deprecated. Please use "proxy" instead. Learn more: https://nextjs.org/docs/messages/middleware-to-proxy
  Creating an optimized production build ...
✓ Compiled successfully in 11.2s
  Finished TypeScript in 7.2s    ✓ Finished TypeScript in 7.2s 
  Collecting page data using 5 workers in 725ms    ✓ Collecting page data using 5 workers in 725ms 
✓ Generating static pages using 5 workers (5/5) in 130ms
  Finalizing page optimization in 15ms    ✓ Finalizing page optimization in 15ms 

Route (app)
┌ ○ /_not-found
├ ƒ /[country]
├ ƒ /[country]/admin/bodega/discrepancias
├ ƒ /[country]/admin/bodega/discrepancias/[id]
├ ƒ /[country]/admin/productos/revision
├ ƒ /[country]/auth-v2/forgot-password
├ ƒ /[country]/auth-v2/login
├ ƒ /[country]/auth-v2/reset-password
├ ƒ /[country]/auth-v2/signup
├ ƒ /[country]/auth-v2/verify
├ ƒ /[country]/bodega/recepcion
├ ƒ /[country]/bodega/recepcion/[id]
├ ƒ /[country]/cart
├ ƒ /[country]/categorias
├ ƒ /[country]/categorias/[slug]
├ ƒ /[country]/checkout
├ ƒ /[country]/checkout/return
├ ƒ /[country]/login
├ ƒ /[country]/ofertas
├ ƒ /[country]/perfil
├ ƒ /[country]/perfil/comprobantes
├ ƒ /[country]/perfil/configuracion
├ ƒ /[country]/perfil/direcciones
├ ƒ /[country]/perfil/ordenes
├ ƒ /[country]/perfil/ordenes/[orderId]
├ ƒ /[country]/perfil/pagos
├ ƒ /[country]/perfil/soporte
├ ƒ /[country]/producto/[id]
├ ƒ /[country]/reset-password
├ ƒ /[country]/vendedor
├ ƒ /[country]/vendedor/ingresos
├ ƒ /[country]/vendedor/ingresos/[id]
├ ƒ /[country]/vendedor/ingresos/nuevo
├ ƒ /[country]/vendedor/onboarding
├ ƒ /[country]/vendedor/productos
├ ƒ /[country]/vendedor/productos/[id]
├ ƒ /[country]/vendedor/productos/nuevo
├ ƒ /api/auth/callback
├ ƒ /api/webhooks/payment
└ ƒ /payment-handoff/[provider]


ƒ Proxy (Middleware)

○  (Static)   prerendered as static content
ƒ  (Dynamic)  server-rendered on demand

